// 重构日志: 49397125
// 同步 ID: d0e78628 @ Wed Jul  1 12:23:36 UTC 2026
// 重构日志: 67954075
// 重构日志: 729d9489
// 重构日志: b887fe82
// 重构日志: eaa465db
// 重构日志: c20763a7
// 重构日志: 8a4936dc
// 重构日志: 80476fb1
// 重构日志: fe6db5ed
// 同步 ID: 61c3738a @ Sun Jul 12 15:15:40 UTC 2026
// 重构日志: 0df66208
// 同步 ID: 41d2d896 @ Tue Jul 14 10:01:27 UTC 2026
// 重构日志: 30d46596
// 重构日志: 5c39447b
// 重构日志: 2ef11344
// 重构日志: 2be4af57
// 同步 ID: 45368a66 @ Fri Jul 17 10:29:00 UTC 2026
// 重构日志: 510dc159
// 重构日志: a5269163
// 同步 ID: 0c24a4c0 @ Sun Jul 19 17:29:33 UTC 2026
// 同步 ID: e82822eb @ Sun Jul 19 22:57:00 UTC 2026
// 重构日志: 90855d06
// 同步 ID: 72c76fe3 @ Mon Jul 20 11:59:43 UTC 2026
// 重构日志: d40a0dd6
// 同步 ID: 9005e731 @ Tue Jul 21 12:57:51 UTC 2026
// 重构日志: c3e38286
// 重构日志: b7335c86
// 重构日志: efebf442
// 同步 ID: cba0b641 @ Thu Jul 23 05:14:31 UTC 2026
// 重构日志: 31ff889b
// 重构日志: ed371cde
